2023/12/26 16:58:22 Сервер был запущен по адрессу https://localhost:3030/
::1 - - [26/Dec/2023:17:01:05 +0300] "POST /posts HTTP/1.1" 200 48
::1 - - [26/Dec/2023:17:01:05 +0300] "DELETE /profile HTTP/1.1" 200 12
::1 - - [26/Dec/2023:17:01:05 +0300] "GET /posts HTTP/1.1" 200 50
::1 - - [26/Dec/2023:17:01:05 +0300] "DELETE /profile HTTP/1.1" 200 12
::1 - - [26/Dec/2023:17:01:05 +0300] "POST /posts HTTP/1.1" 200 43
::1 - - [26/Dec/2023:17:01:05 +0300] "PUT /posts/2 HTTP/1.1" 200 46
::1 - - [26/Dec/2023:17:01:05 +0300] "DELETE /profile HTTP/1.1" 200 12
::1 - - [26/Dec/2023:17:01:05 +0300] "POST /posts HTTP/1.1" 200 49
::1 - - [26/Dec/2023:17:01:05 +0300] "DELETE /posts/3 HTTP/1.1" 200 96
::1 - - [26/Dec/2023:17:01:05 +0300] "DELETE /profile HTTP/1.1" 200 12
::1 - - [26/Dec/2023:17:01:05 +0300] "POST /comments HTTP/1.1" 200 229
::1 - - [26/Dec/2023:17:01:05 +0300] "DELETE /profile HTTP/1.1" 200 12
::1 - - [26/Dec/2023:17:01:05 +0300] "GET /comments HTTP/1.1" 200 231
::1 - - [26/Dec/2023:17:01:05 +0300] "DELETE /profile HTTP/1.1" 200 12
::1 - - [26/Dec/2023:17:01:05 +0300] "POST /comments HTTP/1.1" 200 140
::1 - - [26/Dec/2023:17:01:05 +0300] "PUT /comments/2 HTTP/1.1" 200 144
::1 - - [26/Dec/2023:17:01:05 +0300] "DELETE /profile HTTP/1.1" 200 12
::1 - - [26/Dec/2023:17:01:05 +0300] "POST /comments HTTP/1.1" 200 216
::1 - - [26/Dec/2023:17:01:05 +0300] "DELETE /comments/3 HTTP/1.1" 200 375
::1 - - [26/Dec/2023:17:01:05 +0300] "DELETE /profile HTTP/1.1" 200 12
::1 - - [26/Dec/2023:17:01:05 +0300] "GET /posts/author/phamjeffrey HTTP/1.1" 200 3
::1 - - [26/Dec/2023:17:01:05 +0300] "DELETE /profile HTTP/1.1" 200 12
::1 - - [26/Dec/2023:17:01:05 +0300] "GET /posts/32/comments HTTP/1.1" 200 3
::1 - - [26/Dec/2023:17:01:05 +0300] "DELETE /profile HTTP/1.1" 200 12
::1 - - [26/Dec/2023:17:01:05 +0300] "DELETE /comments/post/11 HTTP/1.1" 200 3
::1 - - [26/Dec/2023:17:01:05 +0300] "DELETE /profile HTTP/1.1" 200 12
::1 - - [26/Dec/2023:17:01:05 +0300] "POST /profile HTTP/1.1" 200 24
::1 - - [26/Dec/2023:17:01:05 +0300] "DELETE /profile HTTP/1.1" 200 12
::1 - - [26/Dec/2023:17:01:05 +0300] "GET /profile HTTP/1.1" 200 12
::1 - - [26/Dec/2023:17:01:05 +0300] "DELETE /profile HTTP/1.1" 200 12
::1 - - [26/Dec/2023:17:01:05 +0300] "POST /profile HTTP/1.1" 200 28
::1 - - [26/Dec/2023:17:01:05 +0300] "PUT /profile HTTP/1.1" 200 25
::1 - - [26/Dec/2023:17:01:05 +0300] "DELETE /profile HTTP/1.1" 200 12
::1 - - [26/Dec/2023:17:01:05 +0300] "DELETE /profile HTTP/1.1" 200 12
::1 - - [26/Dec/2023:17:01:05 +0300] "DELETE /profile HTTP/1.1" 200 12
::1 - - [26/Dec/2023:17:01:05 +0300] "POST /posts HTTP/1.1" 200 46
::1 - - [26/Dec/2023:17:01:05 +0300] "POST /posts HTTP/1.1" 200 50
::1 - - [26/Dec/2023:17:01:05 +0300] "POST /posts HTTP/1.1" 200 51
::1 - - [26/Dec/2023:17:01:05 +0300] "POST /posts HTTP/1.1" 200 54
::1 - - [26/Dec/2023:17:01:05 +0300] "POST /posts HTTP/1.1" 200 50
::1 - - [26/Dec/2023:17:01:05 +0300] "DELETE /profile HTTP/1.1" 200 12
::1 - - [26/Dec/2023:17:01:05 +0300] "POST /comments HTTP/1.1" 200 215
::1 - - [26/Dec/2023:17:01:05 +0300] "POST /comments HTTP/1.1" 200 169
::1 - - [26/Dec/2023:17:01:05 +0300] "POST /comments HTTP/1.1" 200 231
::1 - - [26/Dec/2023:17:01:05 +0300] "POST /comments HTTP/1.1" 200 166
::1 - - [26/Dec/2023:17:01:05 +0300] "POST /comments HTTP/1.1" 200 135
::1 - - [26/Dec/2023:17:01:05 +0300] "DELETE /profile HTTP/1.1" 200 12
::1 - - [26/Dec/2023:17:01:05 +0300] "POST /profile HTTP/1.1" 200 26
::1 - - [26/Dec/2023:17:01:05 +0300] "POST /profile HTTP/1.1" 200 30
::1 - - [26/Dec/2023:17:01:05 +0300] "POST /profile HTTP/1.1" 200 25
::1 - - [26/Dec/2023:17:01:05 +0300] "POST /profile HTTP/1.1" 200 23
::1 - - [26/Dec/2023:17:01:05 +0300] "POST /profile HTTP/1.1" 200 26
::1 - - [26/Dec/2023:17:01:05 +0300] "DELETE /profile HTTP/1.1" 200 12
::1 - - [26/Dec/2023:17:01:05 +0300] "POST /posts HTTP/1.1" 200 43
::1 - - [26/Dec/2023:17:01:05 +0300] "POST /comments HTTP/1.1" 200 213
::1 - - [26/Dec/2023:17:01:05 +0300] "DELETE /profile HTTP/1.1" 200 12
::1 - - [26/Dec/2023:17:01:05 +0300] "POST /comments HTTP/1.1" 200 194
::1 - - [26/Dec/2023:17:01:05 +0300] "GET /comments/9 HTTP/1.1" 200 194
::1 - - [26/Dec/2023:17:01:05 +0300] "DELETE /comments/9 HTTP/1.1" 200 1504
::1 - - [26/Dec/2023:17:01:05 +0300] "GET /comments/9 HTTP/1.1" 200 30
2023/12/26 17:07:49 Сервер был запущен по адрессу https://localhost:3030/
::1 - - [26/Dec/2023:17:08:30 +0300] "POST /posts HTTP/1.1" 200 45
::1 - - [26/Dec/2023:17:08:30 +0300] "DELETE /profile HTTP/1.1" 200 12
::1 - - [26/Dec/2023:17:08:30 +0300] "GET /posts HTTP/1.1" 200 47
::1 - - [26/Dec/2023:17:08:30 +0300] "DELETE /profile HTTP/1.1" 200 12
::1 - - [26/Dec/2023:17:08:30 +0300] "POST /posts HTTP/1.1" 200 42
::1 - - [26/Dec/2023:17:08:30 +0300] "PUT /posts/2 HTTP/1.1" 200 40
::1 - - [26/Dec/2023:17:08:30 +0300] "DELETE /profile HTTP/1.1" 200 12
::1 - - [26/Dec/2023:17:08:30 +0300] "POST /posts HTTP/1.1" 200 45
::1 - - [26/Dec/2023:17:08:30 +0300] "DELETE /posts/3 HTTP/1.1" 200 87
::1 - - [26/Dec/2023:17:08:30 +0300] "DELETE /profile HTTP/1.1" 200 12
::1 - - [26/Dec/2023:17:08:30 +0300] "POST /comments HTTP/1.1" 200 229
::1 - - [26/Dec/2023:17:08:30 +0300] "DELETE /profile HTTP/1.1" 200 12
::1 - - [26/Dec/2023:17:08:30 +0300] "GET /comments HTTP/1.1" 200 231
::1 - - [26/Dec/2023:17:08:30 +0300] "DELETE /profile HTTP/1.1" 200 12
::1 - - [26/Dec/2023:17:08:30 +0300] "POST /comments HTTP/1.1" 200 217
::1 - - [26/Dec/2023:17:08:30 +0300] "PUT /comments/2 HTTP/1.1" 200 142
::1 - - [26/Dec/2023:17:08:30 +0300] "DELETE /profile HTTP/1.1" 200 12
::1 - - [26/Dec/2023:17:08:30 +0300] "POST /comments HTTP/1.1" 200 223
::1 - - [26/Dec/2023:17:08:30 +0300] "DELETE /comments/3 HTTP/1.1" 200 373
::1 - - [26/Dec/2023:17:08:30 +0300] "DELETE /profile HTTP/1.1" 200 12
::1 - - [26/Dec/2023:17:08:30 +0300] "GET /posts/author/kshannon HTTP/1.1" 200 3
::1 - - [26/Dec/2023:17:08:30 +0300] "DELETE /profile HTTP/1.1" 200 12
::1 - - [26/Dec/2023:17:08:30 +0300] "GET /posts/36/comments HTTP/1.1" 200 3
::1 - - [26/Dec/2023:17:08:30 +0300] "DELETE /profile HTTP/1.1" 200 12
::1 - - [26/Dec/2023:17:08:30 +0300] "DELETE /comments/post/15 HTTP/1.1" 200 3
::1 - - [26/Dec/2023:17:08:30 +0300] "DELETE /profile HTTP/1.1" 200 12
::1 - - [26/Dec/2023:17:08:30 +0300] "POST /profile HTTP/1.1" 200 25
::1 - - [26/Dec/2023:17:08:30 +0300] "DELETE /profile HTTP/1.1" 200 12
::1 - - [26/Dec/2023:17:08:30 +0300] "GET /profile HTTP/1.1" 200 12
::1 - - [26/Dec/2023:17:08:30 +0300] "DELETE /profile HTTP/1.1" 200 12
::1 - - [26/Dec/2023:17:08:30 +0300] "POST /profile HTTP/1.1" 200 26
::1 - - [26/Dec/2023:17:08:30 +0300] "PUT /profile HTTP/1.1" 200 26
::1 - - [26/Dec/2023:17:08:30 +0300] "DELETE /profile HTTP/1.1" 200 12
::1 - - [26/Dec/2023:17:08:30 +0300] "DELETE /profile HTTP/1.1" 200 12
::1 - - [26/Dec/2023:17:08:30 +0300] "DELETE /profile HTTP/1.1" 200 12
::1 - - [26/Dec/2023:17:08:30 +0300] "POST /posts HTTP/1.1" 200 46
::1 - - [26/Dec/2023:17:08:30 +0300] "POST /posts HTTP/1.1" 200 48
::1 - - [26/Dec/2023:17:08:30 +0300] "POST /posts HTTP/1.1" 200 42
::1 - - [26/Dec/2023:17:08:30 +0300] "POST /posts HTTP/1.1" 200 43
::1 - - [26/Dec/2023:17:08:30 +0300] "POST /posts HTTP/1.1" 200 49
::1 - - [26/Dec/2023:17:08:30 +0300] "DELETE /profile HTTP/1.1" 200 12
::1 - - [26/Dec/2023:17:08:30 +0300] "POST /comments HTTP/1.1" 200 190
::1 - - [26/Dec/2023:17:08:30 +0300] "POST /comments HTTP/1.1" 200 133
::1 - - [26/Dec/2023:17:08:30 +0300] "POST /comments HTTP/1.1" 200 223
::1 - - [26/Dec/2023:17:08:30 +0300] "POST /comments HTTP/1.1" 200 176
::1 - - [26/Dec/2023:17:08:30 +0300] "POST /comments HTTP/1.1" 200 154
::1 - - [26/Dec/2023:17:08:30 +0300] "DELETE /profile HTTP/1.1" 200 12
::1 - - [26/Dec/2023:17:08:30 +0300] "POST /profile HTTP/1.1" 200 24
::1 - - [26/Dec/2023:17:08:30 +0300] "POST /profile HTTP/1.1" 200 27
::1 - - [26/Dec/2023:17:08:30 +0300] "POST /profile HTTP/1.1" 200 23
::1 - - [26/Dec/2023:17:08:30 +0300] "POST /profile HTTP/1.1" 200 24
::1 - - [26/Dec/2023:17:08:30 +0300] "POST /profile HTTP/1.1" 200 29
::1 - - [26/Dec/2023:17:08:30 +0300] "DELETE /profile HTTP/1.1" 200 12
::1 - - [26/Dec/2023:17:08:30 +0300] "POST /posts HTTP/1.1" 200 45
::1 - - [26/Dec/2023:17:08:30 +0300] "POST /comments HTTP/1.1" 200 156
::1 - - [26/Dec/2023:17:08:30 +0300] "DELETE /profile HTTP/1.1" 200 12
::1 - - [26/Dec/2023:17:08:30 +0300] "POST /comments HTTP/1.1" 200 217
::1 - - [26/Dec/2023:17:08:30 +0300] "GET /comments/9 HTTP/1.1" 200 217
::1 - - [26/Dec/2023:17:08:30 +0300] "DELETE /comments/9 HTTP/1.1" 200 1405
::1 - - [26/Dec/2023:17:08:30 +0300] "GET /comments/9 HTTP/1.1" 200 30
::1 - - [26/Dec/2023:17:10:22 +0300] "POST /posts HTTP/1.1" 200 43
::1 - - [26/Dec/2023:17:10:22 +0300] "DELETE /profile HTTP/1.1" 200 12
::1 - - [26/Dec/2023:17:10:22 +0300] "GET /posts HTTP/1.1" 200 403
::1 - - [26/Dec/2023:17:10:22 +0300] "DELETE /profile HTTP/1.1" 200 12
::1 - - [26/Dec/2023:17:10:22 +0300] "POST /posts HTTP/1.1" 200 54
::1 - - [26/Dec/2023:17:10:22 +0300] "PUT /posts/10 HTTP/1.1" 200 53
::1 - - [26/Dec/2023:17:10:22 +0300] "DELETE /profile HTTP/1.1" 200 12
::1 - - [26/Dec/2023:17:10:22 +0300] "POST /posts HTTP/1.1" 200 52
::1 - - [26/Dec/2023:17:10:22 +0300] "DELETE /posts/11 HTTP/1.1" 200 456
::1 - - [26/Dec/2023:17:10:22 +0300] "DELETE /profile HTTP/1.1" 200 12
::1 - - [26/Dec/2023:17:10:22 +0300] "POST /comments HTTP/1.1" 200 161
::1 - - [26/Dec/2023:17:10:22 +0300] "DELETE /profile HTTP/1.1" 200 12
::1 - - [26/Dec/2023:17:10:22 +0300] "GET /comments HTTP/1.1" 200 1566
::1 - - [26/Dec/2023:17:10:22 +0300] "DELETE /profile HTTP/1.1" 200 12
::1 - - [26/Dec/2023:17:10:22 +0300] "POST /comments HTTP/1.1" 200 207
::1 - - [26/Dec/2023:17:10:22 +0300] "PUT /comments/10 HTTP/1.1" 200 195
::1 - - [26/Dec/2023:17:10:22 +0300] "DELETE /profile HTTP/1.1" 200 12
::1 - - [26/Dec/2023:17:10:23 +0300] "POST /comments HTTP/1.1" 200 219
::1 - - [26/Dec/2023:17:10:23 +0300] "DELETE /comments/11 HTTP/1.1" 200 1761
::1 - - [26/Dec/2023:17:10:23 +0300] "DELETE /profile HTTP/1.1" 200 12
::1 - - [26/Dec/2023:17:10:23 +0300] "GET /posts/author/shannoncarter HTTP/1.1" 200 3
::1 - - [26/Dec/2023:17:10:23 +0300] "DELETE /profile HTTP/1.1" 200 12
::1 - - [26/Dec/2023:17:10:23 +0300] "GET /posts/22/comments HTTP/1.1" 200 3
::1 - - [26/Dec/2023:17:10:23 +0300] "DELETE /profile HTTP/1.1" 200 12
::1 - - [26/Dec/2023:17:10:23 +0300] "DELETE /comments/post/66 HTTP/1.1" 200 3
::1 - - [26/Dec/2023:17:10:23 +0300] "DELETE /profile HTTP/1.1" 200 12
::1 - - [26/Dec/2023:17:10:23 +0300] "POST /profile HTTP/1.1" 200 26
::1 - - [26/Dec/2023:17:10:23 +0300] "DELETE /profile HTTP/1.1" 200 12
::1 - - [26/Dec/2023:17:10:23 +0300] "GET /profile HTTP/1.1" 200 12
::1 - - [26/Dec/2023:17:10:23 +0300] "DELETE /profile HTTP/1.1" 200 12
::1 - - [26/Dec/2023:17:10:23 +0300] "POST /profile HTTP/1.1" 200 26
::1 - - [26/Dec/2023:17:10:23 +0300] "PUT /profile HTTP/1.1" 200 26
::1 - - [26/Dec/2023:17:10:23 +0300] "DELETE /profile HTTP/1.1" 200 12
::1 - - [26/Dec/2023:17:10:23 +0300] "DELETE /profile HTTP/1.1" 200 12
::1 - - [26/Dec/2023:17:10:23 +0300] "DELETE /profile HTTP/1.1" 200 12
::1 - - [26/Dec/2023:17:10:23 +0300] "POST /posts HTTP/1.1" 200 53
::1 - - [26/Dec/2023:17:10:23 +0300] "POST /posts HTTP/1.1" 200 44
::1 - - [26/Dec/2023:17:10:23 +0300] "POST /posts HTTP/1.1" 200 46
::1 - - [26/Dec/2023:17:10:23 +0300] "POST /posts HTTP/1.1" 200 51
::1 - - [26/Dec/2023:17:10:23 +0300] "POST /posts HTTP/1.1" 200 43
::1 - - [26/Dec/2023:17:10:23 +0300] "DELETE /profile HTTP/1.1" 200 12
::1 - - [26/Dec/2023:17:10:23 +0300] "POST /comments HTTP/1.1" 200 206
::1 - - [26/Dec/2023:17:10:23 +0300] "POST /comments HTTP/1.1" 200 191
::1 - - [26/Dec/2023:17:10:23 +0300] "POST /comments HTTP/1.1" 200 224
::1 - - [26/Dec/2023:17:10:23 +0300] "POST /comments HTTP/1.1" 200 189
::1 - - [26/Dec/2023:17:10:23 +0300] "POST /comments HTTP/1.1" 200 107
::1 - - [26/Dec/2023:17:10:23 +0300] "DELETE /profile HTTP/1.1" 200 12
::1 - - [26/Dec/2023:17:10:23 +0300] "POST /profile HTTP/1.1" 200 24
::1 - - [26/Dec/2023:17:10:23 +0300] "POST /profile HTTP/1.1" 200 25
::1 - - [26/Dec/2023:17:10:23 +0300] "POST /profile HTTP/1.1" 200 28
::1 - - [26/Dec/2023:17:10:23 +0300] "POST /profile HTTP/1.1" 200 24
::1 - - [26/Dec/2023:17:10:23 +0300] "POST /profile HTTP/1.1" 200 25
::1 - - [26/Dec/2023:17:10:23 +0300] "DELETE /profile HTTP/1.1" 200 12
::1 - - [26/Dec/2023:17:10:23 +0300] "POST /posts HTTP/1.1" 200 49
::1 - - [26/Dec/2023:17:10:23 +0300] "POST /comments HTTP/1.1" 200 212
::1 - - [26/Dec/2023:17:10:23 +0300] "DELETE /profile HTTP/1.1" 200 12
::1 - - [26/Dec/2023:17:10:23 +0300] "POST /comments HTTP/1.1" 200 208
::1 - - [26/Dec/2023:17:10:23 +0300] "GET /comments/17 HTTP/1.1" 200 208
::1 - - [26/Dec/2023:17:10:23 +0300] "DELETE /comments/17 HTTP/1.1" 200 2890
::1 - - [26/Dec/2023:17:10:23 +0300] "GET /comments/17 HTTP/1.1" 200 30
::1 - - [26/Dec/2023:17:14:46 +0300] "POST /posts HTTP/1.1" 200 44
::1 - - [26/Dec/2023:17:14:46 +0300] "DELETE /profile HTTP/1.1" 200 12
::1 - - [26/Dec/2023:17:14:46 +0300] "GET /posts HTTP/1.1" 200 786
::1 - - [26/Dec/2023:17:14:46 +0300] "DELETE /profile HTTP/1.1" 200 12
::1 - - [26/Dec/2023:17:14:46 +0300] "POST /posts HTTP/1.1" 200 50
::1 - - [26/Dec/2023:17:14:46 +0300] "PUT /posts/18 HTTP/1.1" 200 41
::1 - - [26/Dec/2023:17:14:46 +0300] "DELETE /profile HTTP/1.1" 200 12
::1 - - [26/Dec/2023:17:14:46 +0300] "POST /posts HTTP/1.1" 200 45
::1 - - [26/Dec/2023:17:14:46 +0300] "DELETE /posts/19 HTTP/1.1" 200 827
::1 - - [26/Dec/2023:17:14:46 +0300] "DELETE /profile HTTP/1.1" 200 12
::1 - - [26/Dec/2023:17:14:46 +0300] "POST /comments HTTP/1.1" 200 159
::1 - - [26/Dec/2023:17:14:46 +0300] "DELETE /profile HTTP/1.1" 200 12
::1 - - [26/Dec/2023:17:14:46 +0300] "GET /comments HTTP/1.1" 200 3049
::1 - - [26/Dec/2023:17:14:46 +0300] "DELETE /profile HTTP/1.1" 200 12
::1 - - [26/Dec/2023:17:14:46 +0300] "POST /comments HTTP/1.1" 200 202
::1 - - [26/Dec/2023:17:14:46 +0300] "PUT /comments/18 HTTP/1.1" 200 121
::1 - - [26/Dec/2023:17:14:46 +0300] "DELETE /profile HTTP/1.1" 200 12
::1 - - [26/Dec/2023:17:14:46 +0300] "POST /comments HTTP/1.1" 200 218
::1 - - [26/Dec/2023:17:14:46 +0300] "DELETE /comments/19 HTTP/1.1" 200 3170
::1 - - [26/Dec/2023:17:14:46 +0300] "DELETE /profile HTTP/1.1" 200 12
::1 - - [26/Dec/2023:17:14:46 +0300] "GET /posts/author/desiree68 HTTP/1.1" 200 3
::1 - - [26/Dec/2023:17:14:46 +0300] "DELETE /profile HTTP/1.1" 200 12
::1 - - [26/Dec/2023:17:14:46 +0300] "GET /posts/51/comments HTTP/1.1" 200 3
::1 - - [26/Dec/2023:17:14:46 +0300] "DELETE /profile HTTP/1.1" 200 12
::1 - - [26/Dec/2023:17:14:46 +0300] "DELETE /comments/post/95 HTTP/1.1" 200 3
::1 - - [26/Dec/2023:17:14:46 +0300] "DELETE /profile HTTP/1.1" 200 12
::1 - - [26/Dec/2023:17:14:46 +0300] "POST /profile HTTP/1.1" 200 27
::1 - - [26/Dec/2023:17:14:46 +0300] "DELETE /profile HTTP/1.1" 200 12
::1 - - [26/Dec/2023:17:14:46 +0300] "GET /profile HTTP/1.1" 200 12
::1 - - [26/Dec/2023:17:14:46 +0300] "DELETE /profile HTTP/1.1" 200 12
::1 - - [26/Dec/2023:17:14:47 +0300] "POST /profile HTTP/1.1" 200 23
::1 - - [26/Dec/2023:17:14:47 +0300] "PUT /profile HTTP/1.1" 200 24
::1 - - [26/Dec/2023:17:14:47 +0300] "DELETE /profile HTTP/1.1" 200 12
::1 - - [26/Dec/2023:17:14:47 +0300] "DELETE /profile HTTP/1.1" 200 12
::1 - - [26/Dec/2023:17:14:47 +0300] "DELETE /profile HTTP/1.1" 200 12
::1 - - [26/Dec/2023:17:14:47 +0300] "POST /posts HTTP/1.1" 200 44
::1 - - [26/Dec/2023:17:14:47 +0300] "POST /posts HTTP/1.1" 200 45
::1 - - [26/Dec/2023:17:14:47 +0300] "POST /posts HTTP/1.1" 200 46
::1 - - [26/Dec/2023:17:14:47 +0300] "POST /posts HTTP/1.1" 200 57
::1 - - [26/Dec/2023:17:14:47 +0300] "POST /posts HTTP/1.1" 200 52
::1 - - [26/Dec/2023:17:14:47 +0300] "DELETE /profile HTTP/1.1" 200 12
::1 - - [26/Dec/2023:17:14:47 +0300] "POST /comments HTTP/1.1" 200 209
::1 - - [26/Dec/2023:17:14:47 +0300] "POST /comments HTTP/1.1" 200 171
::1 - - [26/Dec/2023:17:14:47 +0300] "POST /comments HTTP/1.1" 200 194
::1 - - [26/Dec/2023:17:14:47 +0300] "POST /comments HTTP/1.1" 200 175
::1 - - [26/Dec/2023:17:14:47 +0300] "POST /comments HTTP/1.1" 200 199
::1 - - [26/Dec/2023:17:14:47 +0300] "DELETE /profile HTTP/1.1" 200 12
::1 - - [26/Dec/2023:17:14:47 +0300] "POST /profile HTTP/1.1" 200 23
::1 - - [26/Dec/2023:17:14:47 +0300] "POST /profile HTTP/1.1" 200 28
::1 - - [26/Dec/2023:17:14:47 +0300] "POST /profile HTTP/1.1" 200 23
::1 - - [26/Dec/2023:17:14:47 +0300] "POST /profile HTTP/1.1" 200 30
::1 - - [26/Dec/2023:17:14:47 +0300] "POST /profile HTTP/1.1" 200 26
::1 - - [26/Dec/2023:17:14:47 +0300] "DELETE /profile HTTP/1.1" 200 12
::1 - - [26/Dec/2023:17:14:47 +0300] "POST /posts HTTP/1.1" 200 55
::1 - - [26/Dec/2023:17:14:47 +0300] "POST /comments HTTP/1.1" 200 161
::1 - - [26/Dec/2023:17:14:47 +0300] "DELETE /profile HTTP/1.1" 200 12
::1 - - [26/Dec/2023:17:14:47 +0300] "POST /comments HTTP/1.1" 200 231
::1 - - [26/Dec/2023:17:14:47 +0300] "GET /comments/25 HTTP/1.1" 200 231
::1 - - [26/Dec/2023:17:14:47 +0300] "DELETE /comments/25 HTTP/1.1" 200 4279
::1 - - [26/Dec/2023:17:14:47 +0300] "GET /comments/25 HTTP/1.1" 200 30
2023/12/26 17:20:16 Сервер был запущен по адрессу https://localhost:3030/
::1 - - [26/Dec/2023:17:20:24 +0300] "POST /posts HTTP/1.1" 200 52
::1 - - [26/Dec/2023:17:20:24 +0300] "DELETE /profile HTTP/1.1" 200 12
::1 - - [26/Dec/2023:17:20:24 +0300] "GET /posts HTTP/1.1" 200 54
::1 - - [26/Dec/2023:17:20:24 +0300] "DELETE /profile HTTP/1.1" 200 12
::1 - - [26/Dec/2023:17:20:24 +0300] "POST /posts HTTP/1.1" 200 49
::1 - - [26/Dec/2023:17:20:24 +0300] "PUT /posts/2 HTTP/1.1" 200 47
::1 - - [26/Dec/2023:17:20:24 +0300] "DELETE /profile HTTP/1.1" 200 12
::1 - - [26/Dec/2023:17:20:24 +0300] "POST /posts HTTP/1.1" 200 47
::1 - - [26/Dec/2023:17:20:24 +0300] "DELETE /posts/3 HTTP/1.1" 200 101
::1 - - [26/Dec/2023:17:20:24 +0300] "DELETE /profile HTTP/1.1" 200 12
::1 - - [26/Dec/2023:17:20:24 +0300] "POST /comments HTTP/1.1" 200 155
::1 - - [26/Dec/2023:17:20:24 +0300] "DELETE /profile HTTP/1.1" 200 12
::1 - - [26/Dec/2023:17:20:24 +0300] "GET /comments HTTP/1.1" 200 157
::1 - - [26/Dec/2023:17:20:24 +0300] "DELETE /profile HTTP/1.1" 200 12
::1 - - [26/Dec/2023:17:20:24 +0300] "POST /comments HTTP/1.1" 200 123
::1 - - [26/Dec/2023:17:20:24 +0300] "PUT /comments/2 HTTP/1.1" 200 208
::1 - - [26/Dec/2023:17:20:24 +0300] "DELETE /profile HTTP/1.1" 200 12
::1 - - [26/Dec/2023:17:20:24 +0300] "POST /comments HTTP/1.1" 200 193
::1 - - [26/Dec/2023:17:20:24 +0300] "DELETE /comments/3 HTTP/1.1" 200 365
::1 - - [26/Dec/2023:17:20:24 +0300] "DELETE /profile HTTP/1.1" 200 12
::1 - - [26/Dec/2023:17:20:24 +0300] "GET /posts/author/jasmine63 HTTP/1.1" 200 3
::1 - - [26/Dec/2023:17:20:24 +0300] "DELETE /profile HTTP/1.1" 200 12
::1 - - [26/Dec/2023:17:20:24 +0300] "GET /posts/7/comments HTTP/1.1" 200 3
::1 - - [26/Dec/2023:17:20:24 +0300] "DELETE /profile HTTP/1.1" 200 12
::1 - - [26/Dec/2023:17:20:24 +0300] "DELETE /comments/post/15 HTTP/1.1" 200 3
::1 - - [26/Dec/2023:17:20:24 +0300] "DELETE /profile HTTP/1.1" 200 12
::1 - - [26/Dec/2023:17:20:24 +0300] "POST /profile HTTP/1.1" 200 25
::1 - - [26/Dec/2023:17:20:24 +0300] "DELETE /profile HTTP/1.1" 200 12
::1 - - [26/Dec/2023:17:20:24 +0300] "GET /profile HTTP/1.1" 200 12
::1 - - [26/Dec/2023:17:20:24 +0300] "DELETE /profile HTTP/1.1" 200 12
::1 - - [26/Dec/2023:17:20:24 +0300] "POST /profile HTTP/1.1" 200 23
::1 - - [26/Dec/2023:17:20:24 +0300] "PUT /profile HTTP/1.1" 200 28
::1 - - [26/Dec/2023:17:20:24 +0300] "DELETE /profile HTTP/1.1" 200 12
::1 - - [26/Dec/2023:17:20:24 +0300] "DELETE /profile HTTP/1.1" 200 12
::1 - - [26/Dec/2023:17:20:24 +0300] "DELETE /profile HTTP/1.1" 200 12
::1 - - [26/Dec/2023:17:20:24 +0300] "POST /posts HTTP/1.1" 200 51
::1 - - [26/Dec/2023:17:20:24 +0300] "POST /posts HTTP/1.1" 200 51
::1 - - [26/Dec/2023:17:20:24 +0300] "POST /posts HTTP/1.1" 200 40
::1 - - [26/Dec/2023:17:20:24 +0300] "POST /posts HTTP/1.1" 200 45
::1 - - [26/Dec/2023:17:20:24 +0300] "POST /posts HTTP/1.1" 200 47
::1 - - [26/Dec/2023:17:20:24 +0300] "DELETE /profile HTTP/1.1" 200 12
::1 - - [26/Dec/2023:17:20:24 +0300] "POST /comments HTTP/1.1" 200 207
::1 - - [26/Dec/2023:17:20:24 +0300] "POST /comments HTTP/1.1" 200 127
::1 - - [26/Dec/2023:17:20:24 +0300] "POST /comments HTTP/1.1" 200 208
::1 - - [26/Dec/2023:17:20:24 +0300] "POST /comments HTTP/1.1" 200 155
::1 - - [26/Dec/2023:17:20:24 +0300] "POST /comments HTTP/1.1" 200 169
::1 - - [26/Dec/2023:17:20:24 +0300] "DELETE /profile HTTP/1.1" 200 12
::1 - - [26/Dec/2023:17:20:24 +0300] "POST /profile HTTP/1.1" 200 28
::1 - - [26/Dec/2023:17:20:24 +0300] "POST /profile HTTP/1.1" 200 27
::1 - - [26/Dec/2023:17:20:24 +0300] "POST /profile HTTP/1.1" 200 26
::1 - - [26/Dec/2023:17:20:24 +0300] "POST /profile HTTP/1.1" 200 26
::1 - - [26/Dec/2023:17:20:24 +0300] "POST /profile HTTP/1.1" 200 26
::1 - - [26/Dec/2023:17:20:24 +0300] "DELETE /profile HTTP/1.1" 200 12
::1 - - [26/Dec/2023:17:20:24 +0300] "POST /posts HTTP/1.1" 200 44
::1 - - [26/Dec/2023:17:20:24 +0300] "POST /comments HTTP/1.1" 200 162
::1 - - [26/Dec/2023:17:20:24 +0300] "DELETE /profile HTTP/1.1" 200 12
::1 - - [26/Dec/2023:17:20:24 +0300] "POST /comments HTTP/1.1" 200 188
::1 - - [26/Dec/2023:17:20:24 +0300] "GET /comments/9 HTTP/1.1" 200 188
::1 - - [26/Dec/2023:17:20:24 +0300] "DELETE /comments/9 HTTP/1.1" 200 1393
::1 - - [26/Dec/2023:17:20:24 +0300] "GET /comments/9 HTTP/1.1" 200 30
